
> ticket-guide@0.1.0 build
> next build

   ▲ Next.js 15.0.3

   Creating an optimized production build ...
Failed to compile.

./src/app/globals.css.webpack[javascript/auto]!=!./node_modules/next/dist/build/webpack/loaders/css-loader/src/index.js??ruleSet[1].rules[13].oneOf[10].use[2]!./node_modules/next/dist/build/webpack/loaders/postcss-loader/src/index.js??ruleSet[1].rules[13].oneOf[10].use[3]!./src/app/globals.css
Error: Cannot find module 'autoprefixer'
Require stack:
- C:\Users\hyunwoo\Desktop\develop\business\ticket-guide.github.io\node_modules\next\dist\build\webpack\config\blocks\css\plugins.js
- C:\Users\hyunwoo\Desktop\develop\business\ticket-guide.github.io\node_modules\next\dist\build\webpack\config\blocks\css\index.js
- C:\Users\hyunwoo\Desktop\develop\business\ticket-guide.github.io\node_modules\next\dist\build\webpack\config\index.js
- C:\Users\hyunwoo\Desktop\develop\business\ticket-guide.github.io\node_modules\next\dist\build\webpack-config.js
- C:\Users\hyunwoo\Desktop\develop\business\ticket-guide.github.io\node_modules\next\dist\build\webpack-build\impl.js
- C:\Users\hyunwoo\Desktop\develop\business\ticket-guide.github.io\node_modules\next\dist\compiled\jest-worker\processChild.js
    at Function.<anonymous> (node:internal/modules/cjs/loader:1383:15)
    at C:\Users\hyunwoo\Desktop\develop\business\ticket-guide.github.io\node_modules\next\dist\server\require-hook.js:55:36
    at Function.resolve (node:internal/modules/helpers:157:19)
    at loadPlugin (C:\Users\hyunwoo\Desktop\develop\business\ticket-guide.github.io\node_modules\next\dist\build\webpack\config\blocks\css\plugins.js:49:32)
    at C:\Users\hyunwoo\Desktop\develop\business\ticket-guide.github.io\node_modules\next\dist\build\webpack\config\blocks\css\plugins.js:157:56
    at Array.map (<anonymous>)
    at getPostCssPlugins (C:\Users\hyunwoo\Desktop\develop\business\ticket-guide.github.io\node_modules\next\dist\build\webpack\config\blocks\css\plugins.js:157:47)
    at async C:\Users\hyunwoo\Desktop\develop\business\ticket-guide.github.io\node_modules\next\dist\build\webpack\config\blocks\css\index.js:124:36
    at async C:\Users\hyunwoo\Desktop\develop\business\ticket-guide.github.io\node_modules\next\dist\build\webpack\loaders\postcss-loader\src\index.js:51:40
    at async Span.traceAsyncFn (C:\Users\hyunwoo\Desktop\develop\business\ticket-guide.github.io\node_modules\next\dist\trace\trace.js:153:20)

Import trace for requested module:
./src/app/globals.css.webpack[javascript/auto]!=!./node_modules/next/dist/build/webpack/loaders/css-loader/src/index.js??ruleSet[1].rules[13].oneOf[10].use[2]!./node_modules/next/dist/build/webpack/loaders/postcss-loader/src/index.js??ruleSet[1].rules[13].oneOf[10].use[3]!./src/app/globals.css
./src/app/globals.css

./src/app/globals.css
Error: Cannot find module 'autoprefixer'
Require stack:
- C:\Users\hyunwoo\Desktop\develop\business\ticket-guide.github.io\node_modules\next\dist\build\webpack\config\blocks\css\plugins.js
- C:\Users\hyunwoo\Desktop\develop\business\ticket-guide.github.io\node_modules\next\dist\build\webpack\config\blocks\css\index.js
- C:\Users\hyunwoo\Desktop\develop\business\ticket-guide.github.io\node_modules\next\dist\build\webpack\config\index.js
- C:\Users\hyunwoo\Desktop\develop\business\ticket-guide.github.io\node_modules\next\dist\build\webpack-config.js
- C:\Users\hyunwoo\Desktop\develop\business\ticket-guide.github.io\node_modules\next\dist\build\webpack-build\impl.js
- C:\Users\hyunwoo\Desktop\develop\business\ticket-guide.github.io\node_modules\next\dist\compiled\jest-worker\processChild.js
    at Function.<anonymous> (node:internal/modules/cjs/loader:1383:15)
    at C:\Users\hyunwoo\Desktop\develop\business\ticket-guide.github.io\node_modules\next\dist\server\require-hook.js:55:36
    at Function.resolve (node:internal/modules/helpers:157:19)
    at loadPlugin (C:\Users\hyunwoo\Desktop\develop\business\ticket-guide.github.io\node_modules\next\dist\build\webpack\config\blocks\css\plugins.js:49:32)
    at C:\Users\hyunwoo\Desktop\develop\business\ticket-guide.github.io\node_modules\next\dist\build\webpack\config\blocks\css\plugins.js:157:56
    at Array.map (<anonymous>)
    at getPostCssPlugins (C:\Users\hyunwoo\Desktop\develop\business\ticket-guide.github.io\node_modules\next\dist\build\webpack\config\blocks\css\plugins.js:157:47)
    at async C:\Users\hyunwoo\Desktop\develop\business\ticket-guide.github.io\node_modules\next\dist\build\webpack\config\blocks\css\index.js:124:36
    at async C:\Users\hyunwoo\Desktop\develop\business\ticket-guide.github.io\node_modules\next\dist\build\webpack\loaders\postcss-loader\src\index.js:51:40
    at async Span.traceAsyncFn (C:\Users\hyunwoo\Desktop\develop\business\ticket-guide.github.io\node_modules\next\dist\trace\trace.js:153:20)
    at tryRunOrWebpackError (C:\Users\hyunwoo\Desktop\develop\business\ticket-guide.github.io\node_modules\next\dist\compiled\webpack\bundle5.js:28:314951)
    at __webpack_require_module__ (C:\Users\hyunwoo\Desktop\develop\business\ticket-guide.github.io\node_modules\next\dist\compiled\webpack\bundle5.js:28:131425)
    at __nested_webpack_require_161179__ (C:\Users\hyunwoo\Desktop\develop\business\ticket-guide.github.io\node_modules\next\dist\compiled\webpack\bundle5.js:28:130863)
    at C:\Users\hyunwoo\Desktop\develop\business\ticket-guide.github.io\node_modules\next\dist\compiled\webpack\bundle5.js:28:131714
    at symbolIterator (C:\Users\hyunwoo\Desktop\develop\business\ticket-guide.github.io\node_modules\next\dist\compiled\neo-async\async.js:1:14444)
    at done (C:\Users\hyunwoo\Desktop\develop\business\ticket-guide.github.io\node_modules\next\dist\compiled\neo-async\async.js:1:14824)
    at Hook.eval [as callAsync] (eval at create (C:\Users\hyunwoo\Desktop\develop\business\ticket-guide.github.io\node_modules\next\dist\compiled\webpack\bundle5.js:13:9218), <anonymous>:15:1)
    at Hook.CALL_ASYNC_DELEGATE [as _callAsync] (C:\Users\hyunwoo\Desktop\develop\business\ticket-guide.github.io\node_modules\next\dist\compiled\webpack\bundle5.js:13:6372)
    at C:\Users\hyunwoo\Desktop\develop\business\ticket-guide.github.io\node_modules\next\dist\compiled\webpack\bundle5.js:28:130584
    at symbolIterator (C:\Users\hyunwoo\Desktop\develop\business\ticket-guide.github.io\node_modules\next\dist\compiled\neo-async\async.js:1:14402)
-- inner error --
Error: Cannot find module 'autoprefixer'
Require stack:
- C:\Users\hyunwoo\Desktop\develop\business\ticket-guide.github.io\node_modules\next\dist\build\webpack\config\blocks\css\plugins.js
- C:\Users\hyunwoo\Desktop\develop\business\ticket-guide.github.io\node_modules\next\dist\build\webpack\config\blocks\css\index.js
- C:\Users\hyunwoo\Desktop\develop\business\ticket-guide.github.io\node_modules\next\dist\build\webpack\config\index.js
- C:\Users\hyunwoo\Desktop\develop\business\ticket-guide.github.io\node_modules\next\dist\build\webpack-config.js
- C:\Users\hyunwoo\Desktop\develop\business\ticket-guide.github.io\node_modules\next\dist\build\webpack-build\impl.js
- C:\Users\hyunwoo\Desktop\develop\business\ticket-guide.github.io\node_modules\next\dist\compiled\jest-worker\processChild.js
    at Function.<anonymous> (node:internal/modules/cjs/loader:1383:15)
    at C:\Users\hyunwoo\Desktop\develop\business\ticket-guide.github.io\node_modules\next\dist\server\require-hook.js:55:36
    at Function.resolve (node:internal/modules/helpers:157:19)
    at loadPlugin (C:\Users\hyunwoo\Desktop\develop\business\ticket-guide.github.io\node_modules\next\dist\build\webpack\config\blocks\css\plugins.js:49:32)
    at C:\Users\hyunwoo\Desktop\develop\business\ticket-guide.github.io\node_modules\next\dist\build\webpack\config\blocks\css\plugins.js:157:56
    at Array.map (<anonymous>)
    at getPostCssPlugins (C:\Users\hyunwoo\Desktop\develop\business\ticket-guide.github.io\node_modules\next\dist\build\webpack\config\blocks\css\plugins.js:157:47)
    at async C:\Users\hyunwoo\Desktop\develop\business\ticket-guide.github.io\node_modules\next\dist\build\webpack\config\blocks\css\index.js:124:36
    at async C:\Users\hyunwoo\Desktop\develop\business\ticket-guide.github.io\node_modules\next\dist\build\webpack\loaders\postcss-loader\src\index.js:51:40
    at async Span.traceAsyncFn (C:\Users\hyunwoo\Desktop\develop\business\ticket-guide.github.io\node_modules\next\dist\trace\trace.js:153:20)
    at Object.<anonymous> (C:\Users\hyunwoo\Desktop\develop\business\ticket-guide.github.io\node_modules\next\dist\build\webpack\loaders\css-loader\src\index.js??ruleSet[1].rules[13].oneOf[10].use[2]!C:\Users\hyunwoo\Desktop\develop\business\ticket-guide.github.io\node_modules\next\dist\build\webpack\loaders\postcss-loader\src\index.js??ruleSet[1].rules[13].oneOf[10].use[3]!C:\Users\hyunwoo\Desktop\develop\business\ticket-guide.github.io\src\app\globals.css:1:7)
    at C:\Users\hyunwoo\Desktop\develop\business\ticket-guide.github.io\node_modules\next\dist\compiled\webpack\bundle5.js:28:955544
    at Hook.eval [as call] (eval at create (C:\Users\hyunwoo\Desktop\develop\business\ticket-guide.github.io\node_modules\next\dist\compiled\webpack\bundle5.js:13:8996), <anonymous>:7:1)
    at Hook.CALL_DELEGATE [as _call] (C:\Users\hyunwoo\Desktop\develop\business\ticket-guide.github.io\node_modules\next\dist\compiled\webpack\bundle5.js:13:6266)
    at C:\Users\hyunwoo\Desktop\develop\business\ticket-guide.github.io\node_modules\next\dist\compiled\webpack\bundle5.js:28:131458
    at tryRunOrWebpackError (C:\Users\hyunwoo\Desktop\develop\business\ticket-guide.github.io\node_modules\next\dist\compiled\webpack\bundle5.js:28:314905)
    at __webpack_require_module__ (C:\Users\hyunwoo\Desktop\develop\business\ticket-guide.github.io\node_modules\next\dist\compiled\webpack\bundle5.js:28:131425)
    at __nested_webpack_require_161179__ (C:\Users\hyunwoo\Desktop\develop\business\ticket-guide.github.io\node_modules\next\dist\compiled\webpack\bundle5.js:28:130863)
    at C:\Users\hyunwoo\Desktop\develop\business\ticket-guide.github.io\node_modules\next\dist\compiled\webpack\bundle5.js:28:131714
    at symbolIterator (C:\Users\hyunwoo\Desktop\develop\business\ticket-guide.github.io\node_modules\next\dist\compiled\neo-async\async.js:1:14444)

Generated code for C:\Users\hyunwoo\Desktop\develop\business\ticket-guide.github.io\node_modules\next\dist\build\webpack\loaders\css-loader\src\index.js??ruleSet[1].rules[13].oneOf[10].use[2]!C:\Users\hyunwoo\Desktop\develop\business\ticket-guide.github.io\node_modules\next\dist\build\webpack\loaders\postcss-loader\src\index.js??ruleSet[1].rules[13].oneOf[10].use[3]!C:\Users\hyunwoo\Desktop\develop\business\ticket-guide.github.io\src\app\globals.css

Import trace for requested module:
./src/app/globals.css


> Build failed because of webpack errors
